Rochigram/app/build/intermediates/proguard-rules/release/aapt_rules.txt
# view AndroidManifest.xml #generated:65
-keep class com.google.android.gms.ads.AdActivity { <init>(...); }

# view res/layout/activity_main.xml #generated:333
-keep class com.google.android.gms.ads.AdView { <init>(...); }

# view AndroidManifest.xml #generated:69
-keep class com.google.android.gms.ads.purchase.InAppPurchaseActivity { <init>(...); }

# view AndroidManifest.xml #generated:59
-keep class com.optics.ronchigram.MainActivity { <init>(...); }

# view res/layout/activity_main.xml #generated:32
-keep class com.optics.ronchigram.MainView { <init>(...); }

# view AndroidManifest.xml #generated:43
-keep class com.optics.ronchigram.SplashScreen { <init>(...); }
