Rochigram/app/build/outputs/mapping/release/seeds.txt
com.optics.ronchigram.MainActivity
com.optics.ronchigram.MainActivity: MainActivity()
com.optics.ronchigram.MainView
com.optics.ronchigram.MainView: MainView(android.content.Context,android.util.AttributeSet)
com.optics.ronchigram.MainView: int getZoomSetting()
com.optics.ronchigram.MainView: void setZoomSetting(int)
com.optics.ronchigram.R$attr: int adSize
com.optics.ronchigram.R$attr: int adSizes
com.optics.ronchigram.R$attr: int adUnitId
com.optics.ronchigram.R$attr: int circleCrop
com.optics.ronchigram.R$attr: int imageAspectRatio
com.optics.ronchigram.R$attr: int imageAspectRatioAdjust
com.optics.ronchigram.R$drawable: int app_background
com.optics.ronchigram.R$drawable: int background_image
com.optics.ronchigram.R$drawable: int button_background
com.optics.ronchigram.R$drawable: int button_press
com.optics.ronchigram.R$drawable: int button_release
com.optics.ronchigram.R$drawable: int camera_border
com.optics.ronchigram.R$drawable: int gradient_background
com.optics.ronchigram.R$drawable: int ic_launcher
com.optics.ronchigram.R$drawable: int image_border
com.optics.ronchigram.R$drawable: int index
com.optics.ronchigram.R$drawable: int loading_logo
com.optics.ronchigram.R$drawable: int purple_scrubber_control
com.optics.ronchigram.R$drawable: int purple_scrubber_control_disabled_holo
com.optics.ronchigram.R$drawable: int purple_scrubber_control_focused_holo
com.optics.ronchigram.R$drawable: int purple_scrubber_control_normal_holo
com.optics.ronchigram.R$drawable: int purple_scrubber_control_pressed_holo
com.optics.ronchigram.R$drawable: int purple_scrubber_primary_holo
com.optics.ronchigram.R$drawable: int purple_scrubber_progress
com.optics.ronchigram.R$drawable: int purple_scrubber_secondary_holo
com.optics.ronchigram.R$drawable: int purple_scrubber_track_holo_light
com.optics.ronchigram.R$drawable: int purple_scrubber_track_holo_light2
com.optics.ronchigram.R$drawable: int saturn
com.optics.ronchigram.R$id: int About
com.optics.ronchigram.R$id: int Disclaimer
com.optics.ronchigram.R$id: int Instructions
com.optics.ronchigram.R$id: int LoadConfig
com.optics.ronchigram.R$id: int SaveConfig
com.optics.ronchigram.R$id: int ad_view
com.optics.ronchigram.R$id: int adjust_height
com.optics.ronchigram.R$id: int adjust_width
com.optics.ronchigram.R$id: int autoFocusButton
com.optics.ronchigram.R$id: int diameterBar
com.optics.ronchigram.R$id: int diameterView
com.optics.ronchigram.R$id: int focalLengthBar
com.optics.ronchigram.R$id: int focalLengthView
com.optics.ronchigram.R$id: int gratingBar
com.optics.ronchigram.R$id: int gratingView
com.optics.ronchigram.R$id: int imgLogo
com.optics.ronchigram.R$id: int imgRonchiLogo
com.optics.ronchigram.R$id: int indexLogo
com.optics.ronchigram.R$id: int layout
com.optics.ronchigram.R$id: int main_view
com.optics.ronchigram.R$id: int none
com.optics.ronchigram.R$id: int offsetBar
com.optics.ronchigram.R$id: int offsetView
com.optics.ronchigram.R$id: int popup
com.optics.ronchigram.R$id: int ronchigramView
com.optics.ronchigram.R$id: int saveImageButton
com.optics.ronchigram.R$id: int scrollingHorizonatalView
com.optics.ronchigram.R$id: int textRenderingStatusView
com.optics.ronchigram.R$id: int textView1
com.optics.ronchigram.R$id: int textView2
com.optics.ronchigram.R$id: int zoomInButton
com.optics.ronchigram.R$id: int zoomOutButton
com.optics.ronchigram.R$integer: int google_play_services_version
com.optics.ronchigram.R$layout: int activity_main
com.optics.ronchigram.R$layout: int activity_splash
com.optics.ronchigram.R$layout: int popup_layout
com.optics.ronchigram.R$menu: int activity_main
com.optics.ronchigram.R$mipmap: int ic_launcher
...
com.google.android.gms.R$id: int adjust_height
com.google.android.gms.R$id: int adjust_width
com.google.android.gms.R$id: int none
com.google.android.gms.R$integer: int google_play_services_version
com.google.android.gms.R$string: int accept
com.google.android.gms.R$string: int auth_google_play_services_client_facebook_display_name
com.google.android.gms.R$string: int auth_google_play_services_client_google_display_name
com.google.android.gms.R$string: int common_google_play_services_unknown_issue
com.google.android.gms.R$string: int create_calendar_message
com.google.android.gms.R$string: int create_calendar_title
com.google.android.gms.R$string: int decline
com.google.android.gms.R$string: int store_picture_message
com.google.android.gms.R$string: int store_picture_title
com.google.android.gms.R$style: int Theme_IAPTheme
com.google.android.gms.R$styleable: int[] AdsAttrs
com.google.android.gms.R$styleable: int AdsAttrs_adSize
com.google.android.gms.R$styleable: int AdsAttrs_adSizes
com.google.android.gms.R$styleable: int AdsAttrs_adUnitId
com.google.android.gms.R$styleable: int[] LoadingImageView
com.google.android.gms.R$styleable: int LoadingImageView_circleCrop
com.google.android.gms.R$styleable: int LoadingImageView_imageAspectRatio
com.google.android.gms.R$styleable: int LoadingImageView_imageAspectRatioAdjust
com.google.android.gms.ads.AdActivity
com.google.android.gms.ads.AdActivity: AdActivity()
com.google.android.gms.ads.AdActivity: void setContentView(android.view.View)
com.google.android.gms.ads.AdView
com.google.android.gms.ads.AdView: AdView(android.content.Context)
com.google.android.gms.ads.AdView: AdView(android.content.Context,android.util.AttributeSet)
com.google.android.gms.ads.AdView: AdView(android.content.Context,android.util.AttributeSet,int)
com.google.android.gms.ads.AdView: java.lang.String getMediationAdapterClassName()
com.google.android.gms.ads.AdView: void setInAppPurchaseListener(com.google.android.gms.ads.purchase.InAppPurchaseListener)
com.google.android.gms.ads.AdView: void setAdUnitId(java.lang.String)
com.google.android.gms.ads.AdView: void setAdSize(com.google.android.gms.ads.AdSize)
com.google.android.gms.ads.AdView: void setAdListener(com.google.android.gms.ads.AdListener)
com.google.android.gms.ads.AdView: com.google.android.gms.ads.purchase.InAppPurchaseListener getInAppPurchaseListener()
com.google.android.gms.ads.AdView: java.lang.String getAdUnitId()
com.google.android.gms.ads.AdView: com.google.android.gms.ads.AdSize getAdSize()
com.google.android.gms.ads.AdView: com.google.android.gms.ads.AdListener getAdListener()
com.google.android.gms.ads.BaseAdView: BaseAdView(android.content.Context,int)
com.google.android.gms.ads.BaseAdView: BaseAdView(android.content.Context,android.util.AttributeSet,int)
com.google.android.gms.ads.BaseAdView: BaseAdView(android.content.Context,android.util.AttributeSet,int,int)
com.google.android.gms.ads.BaseAdView: com.google.android.gms.ads.AdListener getAdListener()
com.google.android.gms.ads.BaseAdView: com.google.android.gms.ads.AdSize getAdSize()
com.google.android.gms.ads.BaseAdView: java.lang.String getAdUnitId()
com.google.android.gms.ads.BaseAdView: com.google.android.gms.ads.purchase.InAppPurchaseListener getInAppPurchaseListener()
com.google.android.gms.ads.BaseAdView: void setAdListener(com.google.android.gms.ads.AdListener)
com.google.android.gms.ads.BaseAdView: void setAdSize(com.google.android.gms.ads.AdSize)
com.google.android.gms.ads.BaseAdView: void setAdUnitId(java.lang.String)
com.google.android.gms.ads.BaseAdView: void setInAppPurchaseListener(com.google.android.gms.ads.purchase.InAppPurchaseListener)
com.google.android.gms.ads.BaseAdView: java.lang.String getMediationAdapterClassName()