Rochigram/app/build/outputs/mapping/release/mapping.txt
com.optics.ronchigram.MainActivity -> com.optics.ronchigram.MainActivity:
    android.widget.SeekBar offsetBar -> n
    android.widget.TextView offsetView -> o
    android.widget.TextView diameterView -> p
    android.widget.SeekBar diameterBar -> q
    android.widget.TextView focalLengthView -> r
    android.widget.SeekBar focalLengthBar -> s
    android.widget.TextView gratingView -> t
    android.widget.SeekBar gratingBar -> u
    android.graphics.Bitmap bitmap -> v
    android.widget.ImageView ronchiImageView -> w
    android.widget.Button zoomInButton -> x
    android.widget.Button zoomOutButton -> y
    android.widget.Button autoFocusButton -> z
    android.widget.Button saveImageButton -> A
    com.optics.ronchigram.PictureThread thread0 -> B
    android.widget.TextView renderingStatusView -> C
    android.widget.TextView marqueeHorizontalView -> D
    com.google.android.gms.ads.AdView mAdView -> E
    com.google.android.gms.ads.InterstitialAd mInterstitialAd -> F
    android.graphics.Point p -> G
    android.content.Context ctx -> H
    com.optics.ronchigram.MainView mView -> I
    android.os.PowerManager$WakeLock mWL -> J
    double diameter -> a
    double flen -> b
    double offset -> c
    double grating -> d
    double K -> e
    int x -> f
    int y -> g
    double r -> h
    double fx -> i
    double fy -> j
    double gx -> k
    double t -> l
    boolean $assertionsDisabled -> m
    void <init>() -> <init>
com.optics.ronchigram.MainActivity$1 -> com.optics.ronchigram.a:
    android.widget.Toast val$toast -> a
    com.optics.ronchigram.MainActivity this$0 -> b
    void <init>(com.optics.ronchigram.MainActivity,long,long,android.widget.Toast) -> <init>
    void onTick(long) -> onTick
    void onFinish() -> onFinish
com.optics.ronchigram.MainActivity$10 -> com.optics.ronchigram.b:
    com.optics.ronchigram.MainActivity this$0 -> a
    void <init>(com.optics.ronchigram.MainActivity) -> <init>
    void onProgressChanged(android.widget.SeekBar,int,boolean) -> onProgressChanged
    void onStartTrackingTouch(android.widget.SeekBar) -> onStartTrackingTouch
    void onStopTrackingTouch(android.widget.SeekBar) -> onStopTrackingTouch
com.optics.ronchigram.MainActivity$11 -> com.optics.ronchigram.c:
    com.optics.ronchigram.MainActivity this$0 -> a
    void <init>(com.optics.ronchigram.MainActivity) -> <init>
    void onProgressChanged(android.widget.SeekBar,int,boolean) -> onProgressChanged
    void onStartTrackingTouch(android.widget.SeekBar) -> onStartTrackingTouch
    void onStopTrackingTouch(android.widget.SeekBar) -> onStopTrackingTouch
com.optics.ronchigram.MainActivity$12 -> com.optics.ronchigram.d:
    android.widget.Toast val$toast -> a
    com.optics.ronchigram.MainActivity this$0 -> b
    void <init>(com.optics.ronchigram.MainActivity,long,long,android.widget.Toast) -> <init>
    void onTick(long) -> onTick
    void onFinish() -> onFinish
com.optics.ronchigram.MainActivity$13 -> com.optics.ronchigram.e:
    android.widget.Toast val$toast1 -> a
    com.optics.ronchigram.MainActivity this$0 -> b
    void <init>(com.optics.ronchigram.MainActivity,long,long,android.widget.Toast) -> <init>
    void onTick(long) -> onTick
    void onFinish() -> onFinish
com.optics.ronchigram.MainActivity$14 -> com.optics.ronchigram.f:
    android.widget.Toast val$toast4 -> a
    com.optics.ronchigram.MainActivity this$0 -> b
    void <init>(com.optics.ronchigram.MainActivity,long,long,android.widget.Toast) -> <init>
    void onTick(long) -> onTick
    void onFinish() -> onFinish
com.optics.ronchigram.MainActivity$2 -> com.optics.ronchigram.g:
    android.widget.Toast val$toast -> a
    com.optics.ronchigram.MainActivity this$0 -> b
    void <init>(com.optics.ronchigram.MainActivity,long,long,android.widget.Toast) -> <init>
    void onTick(long) -> onTick
    void onFinish() -> onFinish
...
com.google.android.gms.internal.zzin -> com.google.android.gms.b.ql:
    void v(java.lang.String) -> e
    boolean zzho() -> a
    boolean zzhp() -> b
com.google.android.gms.internal.zzio -> com.google.android.gms.b.qm:
    void <init>(android.os.Looper) -> <init>
    void handleMessage(android.os.Message) -> handleMessage
com.google.android.gms.internal.zzip -> com.google.android.gms.b.qn:
    android.content.SharedPreferences zzw(android.content.Context) -> a
    java.util.concurrent.Future zza(android.content.Context,boolean) -> a
    java.util.concurrent.Future zza(android.content.Context,com.google.android.gms.internal.zzip$zzb) -> a
    java.util.concurrent.Future zza(android.content.Context,int) -> a
    java.util.concurrent.Future zzb(android.content.Context,com.google.android.gms.internal.zzip$zzb) -> b
    java.util.concurrent.Future zzb(android.content.Context,boolean) -> b
    java.util.concurrent.Future zzc(android.content.Context,com.google.android.gms.internal.zzip$zzb) -> c
    java.util.concurrent.Future zzd(android.content.Context,java.lang.String) -> a
    java.util.concurrent.Future zzd(android.content.Context,com.google.android.gms.internal.zzip$zzb) -> d
com.google.android.gms.internal.zzip$1 -> com.google.android.gms.b.qo:
    android.content.Context zzxh -> a
    boolean zzLP -> b
    void <init>(android.content.Context,boolean) -> <init>
    void zzbr() -> a
com.google.android.gms.internal.zzip$2 -> com.google.android.gms.b.qp:
    android.content.Context zzxh -> a
    com.google.android.gms.internal.zzip$zzb zzLQ -> b
    void <init>(android.content.Context,com.google.android.gms.internal.zzip$zzb) -> <init>
    void zzbr() -> a
com.google.android.gms.internal.zzip$3 -> com.google.android.gms.b.qq:
    android.content.Context zzxh -> a
    int zzLR -> b
    void <init>(android.content.Context,int) -> <init>
    void zzbr() -> a
com.google.android.gms.internal.zzip$4 -> com.google.android.gms.b.qr:
    android.content.Context zzxh -> a
    com.google.android.gms.internal.zzip$zzb zzLQ -> b
    void <init>(android.content.Context,com.google.android.gms.internal.zzip$zzb) -> <init>
    void zzbr() -> a
com.google.android.gms.internal.zzip$5 -> com.google.android.gms.b.qs:
    android.content.Context zzxh -> a
    boolean zzLS -> b
    void <init>(android.content.Context,boolean) -> <init>
    void zzbr() -> a
com.google.android.gms.internal.zzip$6 -> com.google.android.gms.b.qt:
    android.content.Context zzxh -> a
    com.google.android.gms.internal.zzip$zzb zzLQ -> b
    void <init>(android.content.Context,com.google.android.gms.internal.zzip$zzb) -> <init>
    void zzbr() -> a
com.google.android.gms.internal.zzip$7 -> com.google.android.gms.b.qu:
    android.content.Context zzxh -> a
    java.lang.String zzLT -> b
    void <init>(android.content.Context,java.lang.String) -> <init>
    void zzbr() -> a
com.google.android.gms.internal.zzip$8 -> com.google.android.gms.b.qv:
    android.content.Context zzxh -> a
    com.google.android.gms.internal.zzip$zzb zzLQ -> b
    void <init>(android.content.Context,com.google.android.gms.internal.zzip$zzb) -> <init>
    void zzbr() -> a
com.google.android.gms.internal.zzip$zza -> com.google.android.gms.b.qw:
    void <init>() -> <init>
    void onStop() -> b
    void <init>(com.google.android.gms.internal.zzip$1) -> <init>
com.google.android.gms.internal.zzip$zzb -> com.google.android.gms.b.qx:
    void zze(android.os.Bundle) -> a