Rochigram/app/build/outputs/mapping/release/usage.txt
com.optics.ronchigram.BuildConfig
com.optics.ronchigram.GlobalConstants
com.optics.ronchigram.MainActivity:
    private static final java.lang.String TAG
    private android.hardware.Camera camera
    private android.view.SurfaceView glsv
    int c
    310:315:public void DeleteSingleEntryFromPref(java.lang.String)
    319:324:public void DeleteAllEntriesFromPref()
com.optics.ronchigram.MainActivity$2:
    164:164:public void onCancel()
com.optics.ronchigram.MainRenderer:
    private static final java.lang.String TAG
    private float mDist
    168:175:protected void setDisplayOrientation(android.hardware.Camera,int)
    325:343:public boolean onTouchEvent(android.view.MotionEvent)
    347:363:private void handleZoom(android.view.MotionEvent,android.hardware.Camera$Parameters)
    425:440:public void handleFocus(android.view.MotionEvent,android.hardware.Camera$Parameters)
    447:450:private float getFingerSpacing(android.view.MotionEvent)
    481:482:public void startPreview()
    485:486:public void stopPreview()
com.optics.ronchigram.MainRenderer$2
com.optics.ronchigram.MainView:
    private android.app.Activity activity
    49:50:public void motionEvents(android.view.MotionEvent)
    53:54:public void startPreview()
    57:58:public void stopPreview()
com.optics.ronchigram.PictureThread:
    private static final java.lang.String TAG
    int c
com.optics.ronchigram.R
com.optics.ronchigram.R$attr
com.optics.ronchigram.R$drawable
com.optics.ronchigram.R$id
com.optics.ronchigram.R$integer
com.optics.ronchigram.R$layout
com.optics.ronchigram.R$menu
com.optics.ronchigram.R$mipmap
com.optics.ronchigram.R$string
com.optics.ronchigram.R$style
com.optics.ronchigram.R$styleable
...
android.support.v4.content.IntentCompat$IntentCompatImpl
android.support.v4.content.IntentCompat$IntentCompatImplBase
android.support.v4.content.IntentCompat$IntentCompatImplHC
android.support.v4.content.IntentCompat$IntentCompatImplIcsMr1
android.support.v4.content.IntentCompatHoneycomb
android.support.v4.content.IntentCompatIcsMr1
android.support.v4.content.Loader:
    android.content.Context mContext
    39:115:public Loader(android.content.Context)
    125:128:public void deliverResult(java.lang.Object)
    137:140:public void deliverCancellation()
    146:146:public android.content.Context getContext()
    153:153:public int getId()
    226:226:public boolean isStarted()
    235:235:public boolean isAbandoned()
    244:244:public boolean isReset()
    302:302:public boolean cancelLoad()
    317:317:protected boolean onCancelLoad()
    329:330:public void forceLoad()
    337:337:protected void onForceLoad()
    385:387:public void abandon()
    399:399:protected void onAbandon()
    443:446:public boolean takeContentChanged()
    457:458:public void commitContentChanged()
    468:471:public void rollbackContentChanged()
    482:490:public void onContentChanged()
android.support.v4.content.Loader$ForceLoadContentObserver
android.support.v4.content.Loader$OnLoadCanceledListener:
    public abstract void onLoadCanceled(android.support.v4.content.Loader)
android.support.v4.content.Loader$OnLoadCompleteListener:
    public abstract void onLoadComplete(android.support.v4.content.Loader,java.lang.Object)
android.support.v4.content.LocalBroadcastManager
android.support.v4.content.LocalBroadcastManager$1
android.support.v4.content.LocalBroadcastManager$BroadcastRecord
android.support.v4.content.LocalBroadcastManager$ReceiverRecord
android.support.v4.content.ModernAsyncTask
android.support.v4.content.ModernAsyncTask$1
android.support.v4.content.ModernAsyncTask$2
android.support.v4.content.ModernAsyncTask$3
android.support.v4.content.ModernAsyncTask$4
android.support.v4.content.ModernAsyncTask$AsyncTaskResult
android.support.v4.content.ModernAsyncTask$InternalHandler
android.support.v4.content.ModernAsyncTask$Status
android.support.v4.content.ModernAsyncTask$WorkerRunnable
android.support.v4.content.ParallelExecutorCompat
android.support.v4.content.PermissionChecker
android.support.v4.content.PermissionChecker$PermissionResult
android.support.v4.content.SharedPreferencesCompat
android.support.v4.content.SharedPreferencesCompat$1
android.support.v4.content.SharedPreferencesCompat$EditorCompat
android.support.v4.content.SharedPreferencesCompat$EditorCompat$EditorHelperApi9Impl
android.support.v4.content.SharedPreferencesCompat$EditorCompat$EditorHelperBaseImpl
android.support.v4.content.SharedPreferencesCompat$EditorCompat$Helper
android.support.v4.content.WakefulBroadcastReceiver
android.support.v4.content.pm.ActivityInfoCompat
android.support.v4.content.res.ResourcesCompat
android.support.v4.content.res.ResourcesCompatApi21
android.support.v4.content.res.ResourcesCompatApi23
android.support.v4.content.res.ResourcesCompatIcsMr1
android.support.v4.content.res.TypedArrayUtils
android.support.v4.database.DatabaseUtilsCompat
android.support.v4.graphics.BitmapCompat
android.support.v4.graphics.BitmapCompat$BaseBitmapImpl
android.support.v4.graphics.BitmapCompat$BitmapImpl
android.support.v4.graphics.BitmapCompat$HcMr1BitmapCompatImpl
android.support.v4.graphics.BitmapCompat$JbMr2BitmapCompatImpl
android.support.v4.graphics.BitmapCompat$KitKatBitmapCompatImpl
android.support.v4.graphics.BitmapCompatHoneycombMr1
android.support.v4.graphics.BitmapCompatJellybeanMR2
android.support.v4.graphics.BitmapCompatKitKat
android.support.v4.graphics.ColorUtils
android.support.v4.graphics.drawable.DrawableCompat
android.support.v4.graphics.drawable.DrawableCompat$BaseDrawableImpl
android.support.v4.graphics.drawable.DrawableCompat$DrawableImpl